生成启动时间为 2013/11/27 15:16:52。
     1>项目“E:\PCOCPlatform\6.0 Working Area\Source\PCOCCenter\License\KeyObtain\KeyObtain.vcxproj”在节点 2 上(rebuild 个目标)。
     1>InitializeBuildStatus:
         正在创建“Debug\KeyObtain.unsuccessfulbuild”，因为已指定“AlwaysCreate”。
       ClCompile:
         D:\Program Files (x86)\Microsoft Visual Studio 10.0\VC\bin\CL.exe /c /ZI /nologo /W3 /WX- /Od /Oy- /D WIN32 /D _WINDOWS /D _DEBUG /D _USRDLL /D _WINDLL /D _MBCS /D _AFXDLL /Gm /RTC1 /MD /GS /fp:precise /Zc:wchar_t- /Zc:forScope /Yc"StdAfx.h" /Fp"Debug\KeyObtain.pch" /Fo"Debug\\" /Fd"Debug\vc100.pdb" /Gd /TP /analyze- /errorReport:prompt stdafx.cpp
         stdafx.cpp
         D:\Program Files (x86)\Microsoft Visual Studio 10.0\VC\bin\CL.exe /c /ZI /nologo /W3 /WX- /Od /Oy- /D WIN32 /D _WINDOWS /D _DEBUG /D _USRDLL /D _WINDLL /D _MBCS /D _AFXDLL /Gm /RTC1 /MD /GS /fp:precise /Zc:wchar_t- /Zc:forScope /Yu"StdAfx.h" /Fp"Debug\KeyObtain.pch" /Fo"Debug\\" /Fd"Debug\vc100.pdb" /Gd /TP /analyze- /errorReport:prompt DES.cpp HardwareInfo.cpp KeyObtain.cpp
         KeyObtain.cpp
     1>d:\program files (x86)\microsoft visual studio 10.0\vc\include\xlocale(323): warning C4530: 使用了 C++ 异常处理程序，但未启用展开语义。请指定 /EHsc
     1>e:\pcocplatform\6.0 working area\source\pcoccenter\license\keyobtain\keyobtain.cpp(14): warning C4273: “KeyObtain::GetMAC”: dll 链接不一致
                 e:\pcocplatform\6.0 working area\source\pcoccenter\license\keyobtain\keyobtain.h(22) : 参见“GetMAC”的前一个定义
     1>e:\pcocplatform\6.0 working area\source\pcoccenter\license\keyobtain\keyobtain.cpp(24): warning C4996: 'strcpy': This function or variable may be unsafe. Consider using strcpy_s instead. To disable deprecation, use _CRT_SECURE_NO_WARNINGS. See online help for details.
                 d:\program files (x86)\microsoft visual studio 10.0\vc\include\string.h(105) : 参见“strcpy”的声明
     1>e:\pcocplatform\6.0 working area\source\pcoccenter\license\keyobtain\keyobtain.cpp(29): warning C4273: “KeyObtain::GetAllMACs”: dll 链接不一致
                 e:\pcocplatform\6.0 working area\source\pcoccenter\license\keyobtain\keyobtain.h(23) : 参见“GetAllMACs”的前一个定义
     1>e:\pcocplatform\6.0 working area\source\pcoccenter\license\keyobtain\keyobtain.cpp(47): warning C4996: 'strcpy': This function or variable may be unsafe. Consider using strcpy_s instead. To disable deprecation, use _CRT_SECURE_NO_WARNINGS. See online help for details.
                 d:\program files (x86)\microsoft visual studio 10.0\vc\include\string.h(105) : 参见“strcpy”的声明
     1>e:\pcocplatform\6.0 working area\source\pcoccenter\license\keyobtain\keyobtain.cpp(52): warning C4273: “KeyObtain::GetCPUID”: dll 链接不一致
                 e:\pcocplatform\6.0 working area\source\pcoccenter\license\keyobtain\keyobtain.h(20) : 参见“GetCPUID”的前一个定义
     1>e:\pcocplatform\6.0 working area\source\pcoccenter\license\keyobtain\keyobtain.cpp(56): warning C4996: 'strcpy': This function or variable may be unsafe. Consider using strcpy_s instead. To disable deprecation, use _CRT_SECURE_NO_WARNINGS. See online help for details.
                 d:\program files (x86)\microsoft visual studio 10.0\vc\include\string.h(105) : 参见“strcpy”的声明
     1>e:\pcocplatform\6.0 working area\source\pcoccenter\license\keyobtain\keyobtain.cpp(61): warning C4273: “KeyObtain::GetHDSN”: dll 链接不一致
                 e:\pcocplatform\6.0 working area\source\pcoccenter\license\keyobtain\keyobtain.h(21) : 参见“GetHDSN”的前一个定义
     1>e:\pcocplatform\6.0 working area\source\pcoccenter\license\keyobtain\keyobtain.cpp(67): warning C4996: 'strcpy': This function or variable may be unsafe. Consider using strcpy_s instead. To disable deprecation, use _CRT_SECURE_NO_WARNINGS. See online help for details.
                 d:\program files (x86)\microsoft visual studio 10.0\vc\include\string.h(105) : 参见“strcpy”的声明
     1>e:\pcocplatform\6.0 working area\source\pcoccenter\license\keyobtain\keyobtain.cpp(72): warning C4273: “KeyObtain::GetBIOSSN”: dll 链接不一致
                 e:\pcocplatform\6.0 working area\source\pcoccenter\license\keyobtain\keyobtain.h(24) : 参见“GetBIOSSN”的前一个定义
     1>e:\pcocplatform\6.0 working area\source\pcoccenter\license\keyobtain\keyobtain.cpp(76): warning C4996: 'strcpy': This function or variable may be unsafe. Consider using strcpy_s instead. To disable deprecation, use _CRT_SECURE_NO_WARNINGS. See online help for details.
                 d:\program files (x86)\microsoft visual studio 10.0\vc\include\string.h(105) : 参见“strcpy”的声明
     1>e:\pcocplatform\6.0 working area\source\pcoccenter\license\keyobtain\keyobtain.cpp(81): warning C4273: “KeyObtain::GetHostName”: dll 链接不一致
                 e:\pcocplatform\6.0 working area\source\pcoccenter\license\keyobtain\keyobtain.h(25) : 参见“GetHostName”的前一个定义
     1>e:\pcocplatform\6.0 working area\source\pcoccenter\license\keyobtain\keyobtain.cpp(85): warning C4996: 'strcpy': This function or variable may be unsafe. Consider using strcpy_s instead. To disable deprecation, use _CRT_SECURE_NO_WARNINGS. See online help for details.
                 d:\program files (x86)\microsoft visual studio 10.0\vc\include\string.h(105) : 参见“strcpy”的声明
     1>e:\pcocplatform\6.0 working area\source\pcoccenter\license\keyobtain\keyobtain.cpp(119): warning C4273: “KeyObtain::GetHostID”: dll 链接不一致
                 e:\pcocplatform\6.0 working area\source\pcoccenter\license\keyobtain\keyobtain.h(26) : 参见“GetHostID”的前一个定义
     1>e:\pcocplatform\6.0 working area\source\pcoccenter\license\keyobtain\keyobtain.cpp(132): warning C4996: 'strcpy': This function or variable may be unsafe. Consider using strcpy_s instead. To disable deprecation, use _CRT_SECURE_NO_WARNINGS. See online help for details.
                 d:\program files (x86)\microsoft visual studio 10.0\vc\include\string.h(105) : 参见“strcpy”的声明
     1>e:\pcocplatform\6.0 working area\source\pcoccenter\license\keyobtain\keyobtain.cpp(138): warning C4273: “KeyObtain::GetKeyString”: dll 链接不一致
                 e:\pcocplatform\6.0 working area\source\pcoccenter\license\keyobtain\keyobtain.h(27) : 参见“GetKeyString”的前一个定义
     1>e:\pcocplatform\6.0 working area\source\pcoccenter\license\keyobtain\keyobtain.cpp(186): warning C4996: 'strcpy': This function or variable may be unsafe. Consider using strcpy_s instead. To disable deprecation, use _CRT_SECURE_NO_WARNINGS. See online help for details.
                 d:\program files (x86)\microsoft visual studio 10.0\vc\include\string.h(105) : 参见“strcpy”的声明
     1>e:\pcocplatform\6.0 working area\source\pcoccenter\license\keyobtain\keyobtain.cpp(192): warning C4273: “KeyObtain::CheckHostKey”: dll 链接不一致
                 e:\pcocplatform\6.0 working area\source\pcoccenter\license\keyobtain\keyobtain.h(28) : 参见“CheckHostKey”的前一个定义
     1>e:\pcocplatform\6.0 working area\source\pcoccenter\license\keyobtain\keyobtain.cpp(229): warning C4996: 'strcpy': This function or variable may be unsafe. Consider using strcpy_s instead. To disable deprecation, use _CRT_SECURE_NO_WARNINGS. See online help for details.
                 d:\program files (x86)\microsoft visual studio 10.0\vc\include\string.h(105) : 参见“strcpy”的声明
         HardwareInfo.cpp
     1>e:\pcocplatform\6.0 working area\source\pcoccenter\license\keyobtain\hardwareinfo.cpp(149): warning C4996: 'sprintf': This function or variable may be unsafe. Consider using sprintf_s instead. To disable deprecation, use _CRT_SECURE_NO_WARNINGS. See online help for details.
                 d:\program files (x86)\microsoft visual studio 10.0\vc\include\stdio.h(371) : 参见“sprintf”的声明
     1>e:\pcocplatform\6.0 working area\source\pcoccenter\license\keyobtain\hardwareinfo.cpp(176): warning C4996: 'strncpy': This function or variable may be unsafe. Consider using strncpy_s instead. To disable deprecation, use _CRT_SECURE_NO_WARNINGS. See online help for details.
                 d:\program files (x86)\microsoft visual studio 10.0\vc\include\string.h(188) : 参见“strncpy”的声明
     1>e:\pcocplatform\6.0 working area\source\pcoccenter\license\keyobtain\hardwareinfo.cpp(264): warning C4996: 'sprintf': This function or variable may be unsafe. Consider using sprintf_s instead. To disable deprecation, use _CRT_SECURE_NO_WARNINGS. See online help for details.
                 d:\program files (x86)\microsoft visual studio 10.0\vc\include\stdio.h(371) : 参见“sprintf”的声明
     1>e:\pcocplatform\6.0 working area\source\pcoccenter\license\keyobtain\hardwareinfo.cpp(535): warning C4996: 'sprintf': This function or variable may be unsafe. Consider using sprintf_s instead. To disable deprecation, use _CRT_SECURE_NO_WARNINGS. See online help for details.
                 d:\program files (x86)\microsoft visual studio 10.0\vc\include\stdio.h(371) : 参见“sprintf”的声明
     1>e:\pcocplatform\6.0 working area\source\pcoccenter\license\keyobtain\hardwareinfo.cpp(536): warning C4996: 'strcpy': This function or variable may be unsafe. Consider using strcpy_s instead. To disable deprecation, use _CRT_SECURE_NO_WARNINGS. See online help for details.
                 d:\program files (x86)\microsoft visual studio 10.0\vc\include\string.h(105) : 参见“strcpy”的声明
     1>e:\pcocplatform\6.0 working area\source\pcoccenter\license\keyobtain\hardwareinfo.cpp(547): warning C4996: 'sprintf': This function or variable may be unsafe. Consider using sprintf_s instead. To disable deprecation, use _CRT_SECURE_NO_WARNINGS. See online help for details.
                 d:\program files (x86)\microsoft visual studio 10.0\vc\include\stdio.h(371) : 参见“sprintf”的声明
     1>e:\pcocplatform\6.0 working area\source\pcoccenter\license\keyobtain\hardwareinfo.cpp(549): warning C4996: 'strcat': This function or variable may be unsafe. Consider using strcat_s instead. To disable deprecation, use _CRT_SECURE_NO_WARNINGS. See online help for details.
                 d:\program files (x86)\microsoft visual studio 10.0\vc\include\string.h(110) : 参见“strcat”的声明
     1>e:\pcocplatform\6.0 working area\source\pcoccenter\license\keyobtain\hardwareinfo.cpp(562): warning C4101: “hostinfo”: 未引用的局部变量
         DES.cpp
     1>d:\program files (x86)\microsoft visual studio 10.0\vc\include\xlocale(323): warning C4530: 使用了 C++ 异常处理程序，但未启用展开语义。请指定 /EHsc
     1>e:\pcocplatform\6.0 working area\source\pcoccenter\license\keyobtain\des.cpp(415): warning C4018: “>”: 有符号/无符号不匹配
         正在生成代码...
       ResourceCompile:
         C:\Program Files (x86)\Microsoft SDKs\Windows\v7.0A\bin\rc.exe /D _DEBUG /D _AFXDLL /l"0x0804" /IDebug\ /nologo /fo"Debug\KeyObtain.res" KeyObtain.rc 
       ManifestResourceCompile:
         C:\Program Files (x86)\Microsoft SDKs\Windows\v7.0A\bin\rc.exe /nologo /fo"Debug\KeyObtain.dll.embed.manifest.res" Debug\KeyObtain_manifest.rc 
       Link:
         D:\Program Files (x86)\Microsoft Visual Studio 10.0\VC\bin\link.exe /ERRORREPORT:PROMPT /OUT:"E:\PCOCPlatform\6.0 Working Area\Solutions\Shaohf\..\..\product\Debug\KeyObtain.dll" /INCREMENTAL /NOLOGO /DEF:".\KeyObtain.def" /MANIFEST /ManifestFile:"Debug\KeyObtain.dll.intermediate.manifest" /MANIFESTUAC:"level='asInvoker' uiAccess='false'" /DEBUG /PDB:"E:\PCOCPlatform\6.0 Working Area\product\Debug\KeyObtain.pdb" /SUBSYSTEM:WINDOWS /TLBID:1 /DYNAMICBASE /NXCOMPAT /IMPLIB:"E:\PCOCPlatform\6.0 Working Area\Solutions\Shaohf\..\..\product\Debug\KeyObtain.lib" /MACHINE:X86 /DLL Debug\KeyObtain.res
         Debug\KeyObtain.dll.embed.manifest.res
         Debug\DES.obj
         Debug\HardwareInfo.obj
         Debug\KeyObtain.obj
         Debug\stdafx.obj
            正在创建库 E:\PCOCPlatform\6.0 Working Area\Solutions\Shaohf\..\..\product\Debug\KeyObtain.lib 和对象 E:\PCOCPlatform\6.0 Working Area\Solutions\Shaohf\..\..\product\Debug\KeyObtain.exp
     1>LINK : warning LNK4098: 默认库“MSVCRT”与其他库的使用冲突；请使用 /NODEFAULTLIB:library
       Manifest:
         正在删除文件“Debug\KeyObtain.dll.embed.manifest”。
         C:\Program Files (x86)\Microsoft SDKs\Windows\v7.0A\bin\mt.exe /nologo /verbose /out:"Debug\KeyObtain.dll.embed.manifest" /manifest Debug\KeyObtain.dll.intermediate.manifest "D:\Program Files (x86)\Microsoft Visual Studio 10.0\VC\Include\Manifest\dpiaware.manifest"
         C:\Program Files (x86)\Microsoft SDKs\Windows\v7.0A\bin\rc.exe /nologo /fo"Debug\KeyObtain.dll.embed.manifest.res" Debug\KeyObtain_manifest.rc 
       LinkEmbedManifest:
         D:\Program Files (x86)\Microsoft Visual Studio 10.0\VC\bin\link.exe /ERRORREPORT:PROMPT /OUT:"E:\PCOCPlatform\6.0 Working Area\Solutions\Shaohf\..\..\product\Debug\KeyObtain.dll" /INCREMENTAL /NOLOGO /DEF:".\KeyObtain.def" /MANIFEST /ManifestFile:"Debug\KeyObtain.dll.intermediate.manifest" /MANIFESTUAC:"level='asInvoker' uiAccess='false'" /DEBUG /PDB:"E:\PCOCPlatform\6.0 Working Area\product\Debug\KeyObtain.pdb" /SUBSYSTEM:WINDOWS /TLBID:1 /DYNAMICBASE /NXCOMPAT /IMPLIB:"E:\PCOCPlatform\6.0 Working Area\Solutions\Shaohf\..\..\product\Debug\KeyObtain.lib" /MACHINE:X86 /DLL Debug\KeyObtain.res
         Debug\KeyObtain.dll.embed.manifest.res
         Debug\DES.obj
         Debug\HardwareInfo.obj
         Debug\KeyObtain.obj
         Debug\stdafx.obj
            正在创建库 E:\PCOCPlatform\6.0 Working Area\Solutions\Shaohf\..\..\product\Debug\KeyObtain.lib 和对象 E:\PCOCPlatform\6.0 Working Area\Solutions\Shaohf\..\..\product\Debug\KeyObtain.exp
     1>LINK : warning LNK4098: 默认库“MSVCRT”与其他库的使用冲突；请使用 /NODEFAULTLIB:library
         KeyObtain.vcxproj -> E:\PCOCPlatform\6.0 Working Area\Solutions\Shaohf\..\..\product\Debug\KeyObtain.dll
       FinalizeBuildStatus:
         正在删除文件“Debug\KeyObtain.unsuccessfulbuild”。
         正在对“Debug\KeyObtain.lastbuildstate”执行 Touch 任务。
     1>已完成生成项目“E:\PCOCPlatform\6.0 Working Area\Source\PCOCCenter\License\KeyObtain\KeyObtain.vcxproj”(rebuild 个目标)的操作。

生成成功。

已用时间 00:00:16.79
