生成启动时间为 2013/11/27 15:16:52。
     1>项目“E:\PCOCPlatform\6.0 Working Area\Source\PCOCCenter\License\LicenseFile\LicenseFile.vcxproj”在节点 3 上(rebuild 个目标)。
     1>InitializeBuildStatus:
         正在创建“Debug\LicenseFile.unsuccessfulbuild”，因为已指定“AlwaysCreate”。
       ClCompile:
         D:\Program Files (x86)\Microsoft Visual Studio 10.0\VC\bin\CL.exe /c /ZI /nologo /W3 /WX- /Od /Oy- /D WIN32 /D _WINDOWS /D _DEBUG /D _USRDLL /D _WINDLL /D _MBCS /D _AFXDLL /Gm /EHsc /RTC1 /MD /GS /fp:precise /Zc:wchar_t- /Zc:forScope /Yc"StdAfx.h" /Fp"Debug\LicenseFile.pch" /Fo"Debug\\" /Fd"Debug\vc100.pdb" /Gd /TP /analyze- /errorReport:prompt stdafx.cpp
         stdafx.cpp
         D:\Program Files (x86)\Microsoft Visual Studio 10.0\VC\bin\CL.exe /c /ZI /nologo /W3 /WX- /Od /Oy- /D WIN32 /D _WINDOWS /D _DEBUG /D _USRDLL /D _WINDLL /D _MBCS /D _AFXDLL /Gm /EHsc /RTC1 /MD /GS /fp:precise /Zc:wchar_t- /Zc:forScope /Yu"StdAfx.h" /Fp"Debug\LicenseFile.pch" /Fo"Debug\\" /Fd"Debug\vc100.pdb" /Gd /TP /analyze- /errorReport:prompt DES.cpp Decryption.cpp EncDec.cpp Encryption.cpp LicenseFile.cpp LicenseInfo.cpp MD5.cpp RSA.cpp XMLFile.cpp
         XMLFile.cpp
     1>e:\pcocplatform\6.0 working area\source\pcoccenter\license\licensefile\xmlfile.h(6): warning C4278: “DOMDocument”: 类型库“msxml3.dll”中的标识符已经是宏；使用“rename”限定符
     1>e:\pcocplatform\6.0 working area\source\pcoccenter\license\licensefile\xmlfile.cpp(95): warning C4996: 'sprintf': This function or variable may be unsafe. Consider using sprintf_s instead. To disable deprecation, use _CRT_SECURE_NO_WARNINGS. See online help for details.
                 d:\program files (x86)\microsoft visual studio 10.0\vc\include\stdio.h(371) : 参见“sprintf”的声明
     1>e:\pcocplatform\6.0 working area\source\pcoccenter\license\licensefile\xmlfile.cpp(148): warning C4996: 'sprintf': This function or variable may be unsafe. Consider using sprintf_s instead. To disable deprecation, use _CRT_SECURE_NO_WARNINGS. See online help for details.
                 d:\program files (x86)\microsoft visual studio 10.0\vc\include\stdio.h(371) : 参见“sprintf”的声明
     1>e:\pcocplatform\6.0 working area\source\pcoccenter\license\licensefile\xmlfile.cpp(491): warning C4018: “<”: 有符号/无符号不匹配
         RSA.cpp
     1>e:\pcocplatform\6.0 working area\source\pcoccenter\license\licensefile\rsa.cpp(1019): warning C4018: “>”: 有符号/无符号不匹配
         MD5.cpp
     1>e:\pcocplatform\6.0 working area\source\pcoccenter\license\licensefile\md5.cpp(47): warning C4018: “<”: 有符号/无符号不匹配
         LicenseInfo.cpp
         LicenseFile.cpp
     1>e:\pcocplatform\6.0 working area\source\pcoccenter\license\licensefile\licensefile.h(11): warning C4005: “DLL_EXPORT”: 宏重定义
                 e:\pcocplatform\6.0 working area\source\pcoccenter\license\licensefile\licensefile.cpp(9) : 参见“DLL_EXPORT”的前一个定义
     1>e:\pcocplatform\6.0 working area\source\pcoccenter\license\licensefile\licensefile.cpp(122): warning C4101: “e”: 未引用的局部变量
     1>e:\pcocplatform\6.0 working area\source\pcoccenter\license\licensefile\licensefile.cpp(202): warning C4996: 'wcscpy': This function or variable may be unsafe. Consider using wcscpy_s instead. To disable deprecation, use _CRT_SECURE_NO_WARNINGS. See online help for details.
                 d:\program files (x86)\microsoft visual studio 10.0\vc\include\string.h(283) : 参见“wcscpy”的声明
     1>e:\pcocplatform\6.0 working area\source\pcoccenter\license\licensefile\licensefile.cpp(218): warning C4101: “e”: 未引用的局部变量
     1>e:\pcocplatform\6.0 working area\source\pcoccenter\license\licensefile\licensefile.cpp(225): warning C4101: “e”: 未引用的局部变量
     1>e:\pcocplatform\6.0 working area\source\pcoccenter\license\licensefile\licensefile.cpp(271): warning C4996: 'wcscpy': This function or variable may be unsafe. Consider using wcscpy_s instead. To disable deprecation, use _CRT_SECURE_NO_WARNINGS. See online help for details.
                 d:\program files (x86)\microsoft visual studio 10.0\vc\include\string.h(283) : 参见“wcscpy”的声明
     1>e:\pcocplatform\6.0 working area\source\pcoccenter\license\licensefile\licensefile.cpp(285): warning C4101: “e”: 未引用的局部变量
     1>e:\pcocplatform\6.0 working area\source\pcoccenter\license\licensefile\licensefile.cpp(292): warning C4101: “e”: 未引用的局部变量
     1>e:\pcocplatform\6.0 working area\source\pcoccenter\license\licensefile\licensefile.cpp(332): warning C4996: 'strcpy': This function or variable may be unsafe. Consider using strcpy_s instead. To disable deprecation, use _CRT_SECURE_NO_WARNINGS. See online help for details.
                 d:\program files (x86)\microsoft visual studio 10.0\vc\include\string.h(105) : 参见“strcpy”的声明
     1>e:\pcocplatform\6.0 working area\source\pcoccenter\license\licensefile\licensefile.cpp(325): warning C4101: “e”: 未引用的局部变量
     1>e:\pcocplatform\6.0 working area\source\pcoccenter\license\licensefile\licensefile.cpp(334): warning C4101: “e”: 未引用的局部变量
         Encryption.cpp
         EncDec.cpp
         Decryption.cpp
         DES.cpp
     1>e:\pcocplatform\6.0 working area\source\pcoccenter\license\licensefile\des.cpp(415): warning C4018: “>”: 有符号/无符号不匹配
         正在生成代码...
       ResourceCompile:
         C:\Program Files (x86)\Microsoft SDKs\Windows\v7.0A\bin\rc.exe /D _DEBUG /D _AFXDLL /l"0x0804" /IDebug\ /nologo /fo"Debug\LicenseFile.res" LicenseFile.rc 
       ManifestResourceCompile:
         C:\Program Files (x86)\Microsoft SDKs\Windows\v7.0A\bin\rc.exe /nologo /fo"Debug\LicenseFile.dll.embed.manifest.res" Debug\LicenseFile_manifest.rc 
       Link:
         D:\Program Files (x86)\Microsoft Visual Studio 10.0\VC\bin\link.exe /ERRORREPORT:PROMPT /OUT:"E:\PCOCPlatform\6.0 Working Area\Solutions\Shaohf\..\..\product\Debug\LicenseFile.dll" /INCREMENTAL /NOLOGO Rpcrt4.lib /DEF:".\LicenseFile.def" /MANIFEST /ManifestFile:"Debug\LicenseFile.dll.intermediate.manifest" /MANIFESTUAC:"level='asInvoker' uiAccess='false'" /DEBUG /PDB:"E:\PCOCPlatform\6.0 Working Area\product\Debug\LicenseFile.pdb" /SUBSYSTEM:WINDOWS /TLBID:1 /DYNAMICBASE /NXCOMPAT /IMPLIB:"E:\PCOCPlatform\6.0 Working Area\Solutions\Shaohf\..\..\product\Debug\LicenseFile.lib" /MACHINE:X86 /DLL Debug\LicenseFile.res
         Debug\LicenseFile.dll.embed.manifest.res
         Debug\DES.obj
         Debug\Decryption.obj
         Debug\EncDec.obj
         Debug\Encryption.obj
         Debug\LicenseFile.obj
         Debug\LicenseInfo.obj
         Debug\MD5.obj
         Debug\RSA.obj
         Debug\stdafx.obj
         Debug\XMLFile.obj
            正在创建库 E:\PCOCPlatform\6.0 Working Area\Solutions\Shaohf\..\..\product\Debug\LicenseFile.lib 和对象 E:\PCOCPlatform\6.0 Working Area\Solutions\Shaohf\..\..\product\Debug\LicenseFile.exp
     1>LINK : warning LNK4098: 默认库“MSVCRT”与其他库的使用冲突；请使用 /NODEFAULTLIB:library
       Manifest:
         正在删除文件“Debug\LicenseFile.dll.embed.manifest”。
         C:\Program Files (x86)\Microsoft SDKs\Windows\v7.0A\bin\mt.exe /nologo /verbose /out:"Debug\LicenseFile.dll.embed.manifest" /manifest Debug\LicenseFile.dll.intermediate.manifest "D:\Program Files (x86)\Microsoft Visual Studio 10.0\VC\Include\Manifest\dpiaware.manifest"
         C:\Program Files (x86)\Microsoft SDKs\Windows\v7.0A\bin\rc.exe /nologo /fo"Debug\LicenseFile.dll.embed.manifest.res" Debug\LicenseFile_manifest.rc 
       LinkEmbedManifest:
         D:\Program Files (x86)\Microsoft Visual Studio 10.0\VC\bin\link.exe /ERRORREPORT:PROMPT /OUT:"E:\PCOCPlatform\6.0 Working Area\Solutions\Shaohf\..\..\product\Debug\LicenseFile.dll" /INCREMENTAL /NOLOGO Rpcrt4.lib /DEF:".\LicenseFile.def" /MANIFEST /ManifestFile:"Debug\LicenseFile.dll.intermediate.manifest" /MANIFESTUAC:"level='asInvoker' uiAccess='false'" /DEBUG /PDB:"E:\PCOCPlatform\6.0 Working Area\product\Debug\LicenseFile.pdb" /SUBSYSTEM:WINDOWS /TLBID:1 /DYNAMICBASE /NXCOMPAT /IMPLIB:"E:\PCOCPlatform\6.0 Working Area\Solutions\Shaohf\..\..\product\Debug\LicenseFile.lib" /MACHINE:X86 /DLL Debug\LicenseFile.res
         Debug\LicenseFile.dll.embed.manifest.res
         Debug\DES.obj
         Debug\Decryption.obj
         Debug\EncDec.obj
         Debug\Encryption.obj
         Debug\LicenseFile.obj
         Debug\LicenseInfo.obj
         Debug\MD5.obj
         Debug\RSA.obj
         Debug\stdafx.obj
         Debug\XMLFile.obj
            正在创建库 E:\PCOCPlatform\6.0 Working Area\Solutions\Shaohf\..\..\product\Debug\LicenseFile.lib 和对象 E:\PCOCPlatform\6.0 Working Area\Solutions\Shaohf\..\..\product\Debug\LicenseFile.exp
     1>LINK : warning LNK4098: 默认库“MSVCRT”与其他库的使用冲突；请使用 /NODEFAULTLIB:library
         LicenseFile.vcxproj -> E:\PCOCPlatform\6.0 Working Area\Solutions\Shaohf\..\..\product\Debug\LicenseFile.dll
       FinalizeBuildStatus:
         正在删除文件“Debug\LicenseFile.unsuccessfulbuild”。
         正在对“Debug\LicenseFile.lastbuildstate”执行 Touch 任务。
     1>已完成生成项目“E:\PCOCPlatform\6.0 Working Area\Source\PCOCCenter\License\LicenseFile\LicenseFile.vcxproj”(rebuild 个目标)的操作。

生成成功。

已用时间 00:00:16.82
