d:\workarea\devtest\baselayer\source\forexemple\consoleappdemo\debug\consoleappdemo.pch
d:\workarea\devtest\baselayer\source\forexemple\consoleappdemo\debug\vc120.pdb
d:\workarea\devtest\baselayer\source\forexemple\consoleappdemo\debug\vc120.idb
d:\workarea\devtest\baselayer\source\forexemple\consoleappdemo\debug\stdafx.obj
d:\workarea\devtest\baselayer\source\forexemple\consoleappdemo\debug\consoleappdemo.obj
d:\workarea\devtest\baselayer\source\forexemple\consoleappdemo\debug\test.obj
d:\workarea\devtest\baselayer\source\forexemple\consoleappdemo\debug\共用体.obj
d:\workarea\devtest\baselayer\source\forexemple\consoleappdemo\debug\内联函数.obj
d:\workarea\devtest\baselayer\source\forexemple\consoleappdemo\debug\引用.obj
d:\workarea\devtest\baselayer\source\forexemple\consoleappdemo\debug\指向函数的指针.obj
d:\workarea\devtest\baselayer\source\forexemple\consoleappdemo\debug\指向指针的指针.obj
d:\workarea\devtest\baselayer\source\forexemple\consoleappdemo\debug\指针.obj
d:\workarea\devtest\baselayer\source\forexemple\consoleappdemo\debug\指针数组.obj
d:\workarea\devtest\baselayer\source\forexemple\consoleappdemo\debug\数组.obj
d:\workarea\devtest\baselayer\source\forexemple\consoleappdemo\debug\枚举.obj
d:\workarea\devtest\baselayer\source\forexemple\consoleappdemo\debug\结构体.obj
d:\workarea\devtest\baselayer\solution\lihj\baselayer\debug\consoleappdemo.ilk
d:\workarea\devtest\baselayer\solution\lihj\baselayer\debug\consoleappdemo.exe
d:\workarea\devtest\baselayer\solution\lihj\baselayer\debug\consoleappdemo.pdb
d:\workarea\devtest\baselayer\source\forexemple\consoleappdemo\debug\consoleappdemo.res
d:\workarea\devtest\baselayer\source\forexemple\consoleappdemo\debug\consoleappdemo.tlog\cl.command.1.tlog
d:\workarea\devtest\baselayer\source\forexemple\consoleappdemo\debug\consoleappdemo.tlog\cl.read.1.tlog
d:\workarea\devtest\baselayer\source\forexemple\consoleappdemo\debug\consoleappdemo.tlog\cl.write.1.tlog
d:\workarea\devtest\baselayer\source\forexemple\consoleappdemo\debug\consoleappdemo.tlog\link.command.1.tlog
d:\workarea\devtest\baselayer\source\forexemple\consoleappdemo\debug\consoleappdemo.tlog\link.read.1.tlog
d:\workarea\devtest\baselayer\source\forexemple\consoleappdemo\debug\consoleappdemo.tlog\link.write.1.tlog
d:\workarea\devtest\baselayer\source\forexemple\consoleappdemo\debug\consoleappdemo.tlog\rc.command.1.tlog
d:\workarea\devtest\baselayer\source\forexemple\consoleappdemo\debug\consoleappdemo.tlog\rc.read.1.tlog
d:\workarea\devtest\baselayer\source\forexemple\consoleappdemo\debug\consoleappdemo.tlog\rc.write.1.tlog
